0 info it worked if it ends with ok
1 verbose cli [ 'C:\\Program Files\\nodejs\\node.exe',
1 verbose cli   'C:\\Program Files\\nodejs\\node_modules\\npm\\bin\\npm-cli.js',
1 verbose cli   'publish' ]
2 info using npm@3.10.10
3 info using node@v7.3.0
4 verbose publish [ '.' ]
5 silly cache add args [ '.', null ]
6 verbose cache add spec .
7 silly cache add parsed spec Result {
7 silly cache add   raw: '.',
7 silly cache add   scope: null,
7 silly cache add   escapedName: null,
7 silly cache add   name: null,
7 silly cache add   rawSpec: '.',
7 silly cache add   spec: 'C:\\workspace\\angular-ip21',
7 silly cache add   type: 'directory' }
8 verbose addLocalDirectory C:\Users\rafael.miranda\AppData\Roaming\npm-cache\angular-ip21\1.0.1\package.tgz not in flight; packing
9 verbose correctMkdir C:\Users\rafael.miranda\AppData\Roaming\npm-cache correctMkdir not in flight; initializing
10 info lifecycle angular-ip21@1.0.1~prepublish: angular-ip21@1.0.1
11 silly lifecycle angular-ip21@1.0.1~prepublish: no script for prepublish, continuing
12 verbose tar pack [ 'C:\\Users\\rafael.miranda\\AppData\\Roaming\\npm-cache\\angular-ip21\\1.0.1\\package.tgz',
12 verbose tar pack   'C:\\workspace\\angular-ip21' ]
13 verbose tarball C:\Users\rafael.miranda\AppData\Roaming\npm-cache\angular-ip21\1.0.1\package.tgz
14 verbose folder C:\workspace\angular-ip21
15 verbose addLocalTarball adding from inside cache C:\Users\rafael.miranda\AppData\Roaming\npm-cache\angular-ip21\1.0.1\package.tgz
16 verbose correctMkdir C:\Users\rafael.miranda\AppData\Roaming\npm-cache correctMkdir not in flight; initializing
17 silly cache afterAdd angular-ip21@1.0.1
18 verbose afterAdd C:\Users\rafael.miranda\AppData\Roaming\npm-cache\angular-ip21\1.0.1\package\package.json not in flight; writing
19 verbose correctMkdir C:\Users\rafael.miranda\AppData\Roaming\npm-cache correctMkdir not in flight; initializing
20 verbose afterAdd C:\Users\rafael.miranda\AppData\Roaming\npm-cache\angular-ip21\1.0.1\package\package.json written
21 silly publish { name: 'angular-ip21',
21 silly publish   version: '1.0.1',
21 silly publish   description: 'AngularJS library to access AspenTech InfoPlus21 Webservice (v >= 8)',
21 silly publish   main: 'src/index.js',
21 silly publish   directories: { test: 'test' },
21 silly publish   scripts:
21 silly publish    { start: 'http-server ./ --cors',
21 silly publish      test: 'karma start',
21 silly publish      build: 'webpack && webpack --config webpack.config.min.js',
21 silly publish      dev: 'webpack -d --progress --colors --watch --display-error-details',
21 silly publish      postpublish: 'git push origin' },
21 silly publish   repository:
21 silly publish    { type: 'git',
21 silly publish      url: 'git+https://github.com/rafaelpadovezi/angular-ip21.git' },
21 silly publish   keywords:
21 silly publish    [ 'angularjs',
21 silly publish      'angular',
21 silly publish      'ip21',
21 silly publish      'aspentech',
21 silly publish      'infoplus21',
21 silly publish      'pims',
21 silly publish      'webservice' ],
21 silly publish   author: { name: 'rafaelpadovezi' },
21 silly publish   license: 'ISC',
21 silly publish   bugs: { url: 'https://github.com/rafaelpadovezi/angular-ip21/issues' },
21 silly publish   homepage: 'https://github.com/rafaelpadovezi/angular-ip21#readme',
21 silly publish   devDependencies:
21 silly publish    { 'angular-mocks': '^1.6.3',
21 silly publish      'babel-core': '^6.24.0',
21 silly publish      'babel-loader': '^6.4.1',
21 silly publish      'babel-preset-env': '^1.2.2',
21 silly publish      'babel-preset-es2015': '^6.24.0',
21 silly publish      chai: '^3.5.0',
21 silly publish      'http-server': '^0.9.0',
21 silly publish      karma: '^1.5.0',
21 silly publish      'karma-babel-preprocessor': '^6.0.1',
21 silly publish      'karma-chai': '^0.1.0',
21 silly publish      'karma-chrome-launcher': '^2.0.0',
21 silly publish      'karma-mocha': '^1.3.0',
21 silly publish      'karma-sourcemap-loader': '^0.3.7',
21 silly publish      'karma-webpack': '^2.0.3',
21 silly publish      mocha: '^3.2.0',
21 silly publish      'unminified-webpack-plugin': '^1.2.0',
21 silly publish      webpack: '^2.3.1',
21 silly publish      'webpack-dev-server': '^2.4.2' },
21 silly publish   readme: '# Angular IP21\r\n\r\nAngularJS tiny library to access Aspentech InfoPlus21 Sql Web server.\r\n\r\n### Install\r\n\r\n```\r\nnpm install --save angular-ip21\r\n```\r\n\r\n### Configuration\r\nInclude the module name ```angular-ip21``` in your angular app. For example:\r\n```javascript\r\nangular.module(\'app\', [\'angular-ip21\']);\r\n```\r\n### Usage\r\n```javascript\r\nfunction controller(ip21SqlService) {\r\n    var ip21Sql = ip21SqlService.create({\r\n        url: "http://172.21.199.106/ProcessData/AtProcessDataREST.dll/SQL",\r\n        host: "localhost",\r\n        port: 10014,\r\n        adsa: "CHARINT=N;CHARFLOAT=N;CHARTIME=N;CONVERTERRORS=N"\r\n    });\r\n\r\n    ip21Sql.executeSelect("select name, ip_input_value from ip_analogdef where name like \'MUT-012%\'")\r\n        .then(function(data) {\r\n            ...\r\n        });\r\n}\r\n```\r\n',
21 silly publish   readmeFilename: 'README.md',
21 silly publish   gitHead: 'ae8dfd8caa405d28893eb03514962c67694af5cc',
21 silly publish   _id: 'angular-ip21@1.0.1',
21 silly publish   _shasum: '8bd27b498d29615177946485c9d8278af0ca6c24',
21 silly publish   _from: '.' }
22 verbose getPublishConfig undefined
23 silly mapToRegistry name angular-ip21
24 silly mapToRegistry using default registry
25 silly mapToRegistry registry https://registry.npmjs.org/
26 silly mapToRegistry data Result {
26 silly mapToRegistry   raw: 'angular-ip21',
26 silly mapToRegistry   scope: null,
26 silly mapToRegistry   escapedName: 'angular-ip21',
26 silly mapToRegistry   name: 'angular-ip21',
26 silly mapToRegistry   rawSpec: '',
26 silly mapToRegistry   spec: 'latest',
26 silly mapToRegistry   type: 'tag' }
27 silly mapToRegistry uri https://registry.npmjs.org/angular-ip21
28 verbose publish registryBase https://registry.npmjs.org/
29 silly publish uploading C:\Users\rafael.miranda\AppData\Roaming\npm-cache\angular-ip21\1.0.1\package.tgz
30 verbose request uri https://registry.npmjs.org/angular-ip21
31 verbose request sending authorization for write operation
32 info attempt registry request try #1 at 14:06:09
33 verbose request using bearer token for auth
34 verbose request id 27820aed0403d3e3
35 http request PUT https://registry.npmjs.org/angular-ip21
36 http 403 https://registry.npmjs.org/angular-ip21
37 verbose headers { 'content-type': 'application/json',
37 verbose headers   'cache-control': 'max-age=300',
37 verbose headers   'content-length': '95',
37 verbose headers   'accept-ranges': 'bytes',
37 verbose headers   date: 'Thu, 23 Mar 2017 17:10:34 GMT',
37 verbose headers   via: '1.1 varnish',
37 verbose headers   connection: 'keep-alive',
37 verbose headers   'x-served-by': 'cache-gru7125-GRU',
37 verbose headers   'x-cache': 'MISS',
37 verbose headers   'x-cache-hits': '0',
37 verbose headers   'x-timer': 'S1490289033.361079,VS0,VE859',
37 verbose headers   vary: 'Accept-Encoding' }
38 verbose request invalidating C:\Users\rafael.miranda\AppData\Roaming\npm-cache\registry.npmjs.org\angular-ip21 on PUT
39 error publish Failed PUT 403
40 verbose stack Error: "You cannot publish over the previously published version 1.0.1." : angular-ip21
40 verbose stack     at makeError (C:\Program Files\nodejs\node_modules\npm\node_modules\npm-registry-client\lib\request.js:302:12)
40 verbose stack     at CachingRegistryClient.<anonymous> (C:\Program Files\nodejs\node_modules\npm\node_modules\npm-registry-client\lib\request.js:290:14)
40 verbose stack     at Request._callback (C:\Program Files\nodejs\node_modules\npm\node_modules\npm-registry-client\lib\request.js:210:14)
40 verbose stack     at Request.self.callback (C:\Program Files\nodejs\node_modules\npm\node_modules\request\request.js:187:22)
40 verbose stack     at emitTwo (events.js:106:13)
40 verbose stack     at Request.emit (events.js:191:7)
40 verbose stack     at Request.<anonymous> (C:\Program Files\nodejs\node_modules\npm\node_modules\request\request.js:1048:10)
40 verbose stack     at emitOne (events.js:96:13)
40 verbose stack     at Request.emit (events.js:188:7)
40 verbose stack     at IncomingMessage.<anonymous> (C:\Program Files\nodejs\node_modules\npm\node_modules\request\request.js:969:12)
41 verbose statusCode 403
42 verbose pkgid angular-ip21
43 verbose cwd C:\workspace\angular-ip21
44 error Windows_NT 6.1.7601
45 error argv "C:\\Program Files\\nodejs\\node.exe" "C:\\Program Files\\nodejs\\node_modules\\npm\\bin\\npm-cli.js" "publish"
46 error node v7.3.0
47 error npm  v3.10.10
48 error code E403
49 error "You cannot publish over the previously published version 1.0.1." : angular-ip21
50 error If you need help, you may report this error at:
50 error     <https://github.com/npm/npm/issues>
51 verbose exit [ 1, true ]
